/home/lpm/Italian-Mafia/Mini_challenges/install/mini_challenges/lib/python3.10/site-packages/mini_challenges/__init__.py
/home/lpm/Italian-Mafia/Mini_challenges/install/mini_challenges/lib/python3.10/site-packages/mini_challenges/path_generator_c4.py
/home/lpm/Italian-Mafia/Mini_challenges/install/mini_challenges/lib/python3.10/site-packages/mini_challenges/color_id.py
/home/lpm/Italian-Mafia/Mini_challenges/install/mini_challenges/lib/python3.10/site-packages/mini_challenges/odometry_node.py
/home/lpm/Italian-Mafia/Mini_challenges/install/mini_challenges/lib/python3.10/site-packages/mini_challenges/__pycache__/__init__.cpython-310.pyc
/home/lpm/Italian-Mafia/Mini_challenges/install/mini_challenges/lib/python3.10/site-packages/mini_challenges/__pycache__/path_generator_c4.cpython-310.pyc
/home/lpm/Italian-Mafia/Mini_challenges/install/mini_challenges/lib/python3.10/site-packages/mini_challenges/__pycache__/color_id.cpython-310.pyc
/home/lpm/Italian-Mafia/Mini_challenges/install/mini_challenges/lib/python3.10/site-packages/mini_challenges/__pycache__/odometry_node.cpython-310.pyc
/home/lpm/Italian-Mafia/Mini_challenges/install/mini_challenges/share/ament_index/resource_index/packages/mini_challenges
/home/lpm/Italian-Mafia/Mini_challenges/install/mini_challenges/share/mini_challenges/package.xml
/home/lpm/Italian-Mafia/Mini_challenges/install/mini_challenges/share/mini_challenges/launch/challenge4_launch.py
/home/lpm/Italian-Mafia/Mini_challenges/install/mini_challenges/lib/python3.10/site-packages/mini_challenges-0.0.0-py3.10.egg-info/SOURCES.txt
/home/lpm/Italian-Mafia/Mini_challenges/install/mini_challenges/lib/python3.10/site-packages/mini_challenges-0.0.0-py3.10.egg-info/dependency_links.txt
/home/lpm/Italian-Mafia/Mini_challenges/install/mini_challenges/lib/python3.10/site-packages/mini_challenges-0.0.0-py3.10.egg-info/zip-safe
/home/lpm/Italian-Mafia/Mini_challenges/install/mini_challenges/lib/python3.10/site-packages/mini_challenges-0.0.0-py3.10.egg-info/requires.txt
/home/lpm/Italian-Mafia/Mini_challenges/install/mini_challenges/lib/python3.10/site-packages/mini_challenges-0.0.0-py3.10.egg-info/top_level.txt
/home/lpm/Italian-Mafia/Mini_challenges/install/mini_challenges/lib/python3.10/site-packages/mini_challenges-0.0.0-py3.10.egg-info/PKG-INFO
/home/lpm/Italian-Mafia/Mini_challenges/install/mini_challenges/lib/python3.10/site-packages/mini_challenges-0.0.0-py3.10.egg-info/entry_points.txt
/home/lpm/Italian-Mafia/Mini_challenges/install/mini_challenges/lib/mini_challenges/color_id
/home/lpm/Italian-Mafia/Mini_challenges/install/mini_challenges/lib/mini_challenges/odometry_node
/home/lpm/Italian-Mafia/Mini_challenges/install/mini_challenges/lib/mini_challenges/path_generator_c4
