[1.596s] Invoking command in '/home/lpm/Italian-Mafia/Mini_challenges/src/mini_challenges': PYTHONPATH=/home/lpm/Italian-Mafia/Mini_challenges/build/mini_challenges/prefix_override:/home/lpm/Italian-Mafia/Mini_challenges/install/mini_challenges/lib/python3.10/site-packages:${PYTHONPATH} /usr/bin/python3 -W ignore:setup.py install is deprecated setup.py egg_info --egg-base ../../build/mini_challenges build --build-base /home/lpm/Italian-Mafia/Mini_challenges/build/mini_challenges/build install --record /home/lpm/Italian-Mafia/Mini_challenges/build/mini_challenges/install.log --single-version-externally-managed install_data
[2.155s] running egg_info
[2.156s] writing ../../build/mini_challenges/mini_challenges.egg-info/PKG-INFO
[2.156s] writing dependency_links to ../../build/mini_challenges/mini_challenges.egg-info/dependency_links.txt
[2.157s] writing entry points to ../../build/mini_challenges/mini_challenges.egg-info/entry_points.txt
[2.157s] writing requirements to ../../build/mini_challenges/mini_challenges.egg-info/requires.txt
[2.157s] writing top-level names to ../../build/mini_challenges/mini_challenges.egg-info/top_level.txt
[2.160s] reading manifest file '../../build/mini_challenges/mini_challenges.egg-info/SOURCES.txt'
[2.161s] adding license file 'LICENSE'
[2.163s] writing manifest file '../../build/mini_challenges/mini_challenges.egg-info/SOURCES.txt'
[2.163s] running build
[2.163s] running build_py
[2.164s] copying mini_challenges/path_generator_c4.py -> /home/lpm/Italian-Mafia/Mini_challenges/build/mini_challenges/build/lib/mini_challenges
[2.165s] running install
[2.166s] running install_lib
[2.167s] copying /home/lpm/Italian-Mafia/Mini_challenges/build/mini_challenges/build/lib/mini_challenges/path_generator_c4.py -> /home/lpm/Italian-Mafia/Mini_challenges/install/mini_challenges/lib/python3.10/site-packages/mini_challenges
[2.169s] byte-compiling /home/lpm/Italian-Mafia/Mini_challenges/install/mini_challenges/lib/python3.10/site-packages/mini_challenges/path_generator_c4.py to path_generator_c4.cpython-310.pyc
[2.170s] running install_data
[2.171s] running install_egg_info
[2.174s] removing '/home/lpm/Italian-Mafia/Mini_challenges/install/mini_challenges/lib/python3.10/site-packages/mini_challenges-0.0.0-py3.10.egg-info' (and everything under it)
[2.174s] Copying ../../build/mini_challenges/mini_challenges.egg-info to /home/lpm/Italian-Mafia/Mini_challenges/install/mini_challenges/lib/python3.10/site-packages/mini_challenges-0.0.0-py3.10.egg-info
[2.176s] running install_scripts
[2.211s] Installing color_id script to /home/lpm/Italian-Mafia/Mini_challenges/install/mini_challenges/lib/mini_challenges
[2.211s] Installing odometry_node script to /home/lpm/Italian-Mafia/Mini_challenges/install/mini_challenges/lib/mini_challenges
[2.211s] Installing path_generator_c4 script to /home/lpm/Italian-Mafia/Mini_challenges/install/mini_challenges/lib/mini_challenges
[2.212s] writing list of installed files to '/home/lpm/Italian-Mafia/Mini_challenges/build/mini_challenges/install.log'
[2.264s] Invoked command in '/home/lpm/Italian-Mafia/Mini_challenges/src/mini_challenges' returned '0': PYTHONPATH=/home/lpm/Italian-Mafia/Mini_challenges/build/mini_challenges/prefix_override:/home/lpm/Italian-Mafia/Mini_challenges/install/mini_challenges/lib/python3.10/site-packages:${PYTHONPATH} /usr/bin/python3 -W ignore:setup.py install is deprecated setup.py egg_info --egg-base ../../build/mini_challenges build --build-base /home/lpm/Italian-Mafia/Mini_challenges/build/mini_challenges/build install --record /home/lpm/Italian-Mafia/Mini_challenges/build/mini_challenges/install.log --single-version-externally-managed install_data
