[1.686s] Invoking command in '/home/lpm/Italian-Mafia/Mini_challenges/src/mini_challenges': PYTHONPATH=/home/lpm/Italian-Mafia/Mini_challenges/build/mini_challenges/prefix_override:/home/lpm/Italian-Mafia/Mini_challenges/install/mini_challenges/lib/python3.10/site-packages:${PYTHONPATH} /usr/bin/python3 -W ignore:setup.py install is deprecated setup.py egg_info --egg-base ../../build/mini_challenges build --build-base /home/lpm/Italian-Mafia/Mini_challenges/build/mini_challenges/build install --record /home/lpm/Italian-Mafia/Mini_challenges/build/mini_challenges/install.log --single-version-externally-managed install_data
[2.245s] running egg_info
[2.247s] writing ../../build/mini_challenges/mini_challenges.egg-info/PKG-INFO
[2.247s] writing dependency_links to ../../build/mini_challenges/mini_challenges.egg-info/dependency_links.txt
[2.247s] writing entry points to ../../build/mini_challenges/mini_challenges.egg-info/entry_points.txt
[2.248s] writing requirements to ../../build/mini_challenges/mini_challenges.egg-info/requires.txt
[2.248s] writing top-level names to ../../build/mini_challenges/mini_challenges.egg-info/top_level.txt
[2.252s] reading manifest file '../../build/mini_challenges/mini_challenges.egg-info/SOURCES.txt'
[2.253s] adding license file 'LICENSE'
[2.255s] writing manifest file '../../build/mini_challenges/mini_challenges.egg-info/SOURCES.txt'
[2.255s] running build
[2.255s] running build_py
[2.255s] copying mini_challenges/odometry_node.py -> /home/lpm/Italian-Mafia/Mini_challenges/build/mini_challenges/build/lib/mini_challenges
[2.256s] running install
[2.257s] running install_lib
[2.259s] copying /home/lpm/Italian-Mafia/Mini_challenges/build/mini_challenges/build/lib/mini_challenges/odometry_node.py -> /home/lpm/Italian-Mafia/Mini_challenges/install/mini_challenges/lib/python3.10/site-packages/mini_challenges
[2.261s] byte-compiling /home/lpm/Italian-Mafia/Mini_challenges/install/mini_challenges/lib/python3.10/site-packages/mini_challenges/odometry_node.py to odometry_node.cpython-310.pyc
[2.264s] running install_data
[2.264s] running install_egg_info
[2.268s] removing '/home/lpm/Italian-Mafia/Mini_challenges/install/mini_challenges/lib/python3.10/site-packages/mini_challenges-0.0.0-py3.10.egg-info' (and everything under it)
[2.269s] Copying ../../build/mini_challenges/mini_challenges.egg-info to /home/lpm/Italian-Mafia/Mini_challenges/install/mini_challenges/lib/python3.10/site-packages/mini_challenges-0.0.0-py3.10.egg-info
[2.271s] running install_scripts
[2.305s] Installing color_id script to /home/lpm/Italian-Mafia/Mini_challenges/install/mini_challenges/lib/mini_challenges
[2.306s] Installing odometry_node script to /home/lpm/Italian-Mafia/Mini_challenges/install/mini_challenges/lib/mini_challenges
[2.306s] Installing path_generator_c4 script to /home/lpm/Italian-Mafia/Mini_challenges/install/mini_challenges/lib/mini_challenges
[2.307s] writing list of installed files to '/home/lpm/Italian-Mafia/Mini_challenges/build/mini_challenges/install.log'
[2.354s] Invoked command in '/home/lpm/Italian-Mafia/Mini_challenges/src/mini_challenges' returned '0': PYTHONPATH=/home/lpm/Italian-Mafia/Mini_challenges/build/mini_challenges/prefix_override:/home/lpm/Italian-Mafia/Mini_challenges/install/mini_challenges/lib/python3.10/site-packages:${PYTHONPATH} /usr/bin/python3 -W ignore:setup.py install is deprecated setup.py egg_info --egg-base ../../build/mini_challenges build --build-base /home/lpm/Italian-Mafia/Mini_challenges/build/mini_challenges/build install --record /home/lpm/Italian-Mafia/Mini_challenges/build/mini_challenges/install.log --single-version-externally-managed install_data
