[1.317s] Invoking command in '/home/lpm/Italian-Mafia/Mini_challenges/src/mini_challenges': PYTHONPATH=/home/lpm/Italian-Mafia/Mini_challenges/build/mini_challenges/prefix_override:/home/lpm/Italian-Mafia/Mini_challenges/install/mini_challenges/lib/python3.10/site-packages:${PYTHONPATH} /usr/bin/python3 -W ignore:setup.py install is deprecated setup.py egg_info --egg-base ../../build/mini_challenges build --build-base /home/lpm/Italian-Mafia/Mini_challenges/build/mini_challenges/build install --record /home/lpm/Italian-Mafia/Mini_challenges/build/mini_challenges/install.log --single-version-externally-managed install_data
[1.857s] running egg_info
[1.859s] writing ../../build/mini_challenges/mini_challenges.egg-info/PKG-INFO
[1.860s] writing dependency_links to ../../build/mini_challenges/mini_challenges.egg-info/dependency_links.txt
[1.860s] writing entry points to ../../build/mini_challenges/mini_challenges.egg-info/entry_points.txt
[1.860s] writing requirements to ../../build/mini_challenges/mini_challenges.egg-info/requires.txt
[1.860s] writing top-level names to ../../build/mini_challenges/mini_challenges.egg-info/top_level.txt
[1.864s] reading manifest file '../../build/mini_challenges/mini_challenges.egg-info/SOURCES.txt'
[1.865s] adding license file 'LICENSE'
[1.867s] writing manifest file '../../build/mini_challenges/mini_challenges.egg-info/SOURCES.txt'
[1.867s] running build
[1.867s] running build_py
[1.867s] copying mini_challenges/color_id.py -> /home/lpm/Italian-Mafia/Mini_challenges/build/mini_challenges/build/lib/mini_challenges
[1.868s] running install
[1.869s] running install_lib
[1.870s] copying /home/lpm/Italian-Mafia/Mini_challenges/build/mini_challenges/build/lib/mini_challenges/color_id.py -> /home/lpm/Italian-Mafia/Mini_challenges/install/mini_challenges/lib/python3.10/site-packages/mini_challenges
[1.873s] byte-compiling /home/lpm/Italian-Mafia/Mini_challenges/install/mini_challenges/lib/python3.10/site-packages/mini_challenges/color_id.py to color_id.cpython-310.pyc
[1.876s] running install_data
[1.876s] running install_egg_info
[1.881s] removing '/home/lpm/Italian-Mafia/Mini_challenges/install/mini_challenges/lib/python3.10/site-packages/mini_challenges-0.0.0-py3.10.egg-info' (and everything under it)
[1.881s] Copying ../../build/mini_challenges/mini_challenges.egg-info to /home/lpm/Italian-Mafia/Mini_challenges/install/mini_challenges/lib/python3.10/site-packages/mini_challenges-0.0.0-py3.10.egg-info
[1.883s] running install_scripts
[1.918s] Installing challenge4 script to /home/lpm/Italian-Mafia/Mini_challenges/install/mini_challenges/lib/mini_challenges
[1.919s] Installing color_id script to /home/lpm/Italian-Mafia/Mini_challenges/install/mini_challenges/lib/mini_challenges
[1.920s] writing list of installed files to '/home/lpm/Italian-Mafia/Mini_challenges/build/mini_challenges/install.log'
[1.966s] Invoked command in '/home/lpm/Italian-Mafia/Mini_challenges/src/mini_challenges' returned '0': PYTHONPATH=/home/lpm/Italian-Mafia/Mini_challenges/build/mini_challenges/prefix_override:/home/lpm/Italian-Mafia/Mini_challenges/install/mini_challenges/lib/python3.10/site-packages:${PYTHONPATH} /usr/bin/python3 -W ignore:setup.py install is deprecated setup.py egg_info --egg-base ../../build/mini_challenges build --build-base /home/lpm/Italian-Mafia/Mini_challenges/build/mini_challenges/build install --record /home/lpm/Italian-Mafia/Mini_challenges/build/mini_challenges/install.log --single-version-externally-managed install_data
