[1.581s] Invoking command in '/home/lpm/Italian-Mafia/Mini_challenges/src/mini_challenges': PYTHONPATH=/home/lpm/Italian-Mafia/Mini_challenges/build/mini_challenges/prefix_override:/home/lpm/Italian-Mafia/Mini_challenges/install/mini_challenges/lib/python3.10/site-packages:${PYTHONPATH} /usr/bin/python3 -W ignore:setup.py install is deprecated setup.py egg_info --egg-base ../../build/mini_challenges build --build-base /home/lpm/Italian-Mafia/Mini_challenges/build/mini_challenges/build install --record /home/lpm/Italian-Mafia/Mini_challenges/build/mini_challenges/install.log --single-version-externally-managed install_data
[2.133s] running egg_info
[2.134s] writing ../../build/mini_challenges/mini_challenges.egg-info/PKG-INFO
[2.135s] writing dependency_links to ../../build/mini_challenges/mini_challenges.egg-info/dependency_links.txt
[2.135s] writing entry points to ../../build/mini_challenges/mini_challenges.egg-info/entry_points.txt
[2.135s] writing requirements to ../../build/mini_challenges/mini_challenges.egg-info/requires.txt
[2.136s] writing top-level names to ../../build/mini_challenges/mini_challenges.egg-info/top_level.txt
[2.140s] reading manifest file '../../build/mini_challenges/mini_challenges.egg-info/SOURCES.txt'
[2.141s] adding license file 'LICENSE'
[2.143s] writing manifest file '../../build/mini_challenges/mini_challenges.egg-info/SOURCES.txt'
[2.144s] running build
[2.144s] running build_py
[2.144s] copying mini_challenges/color_id.py -> /home/lpm/Italian-Mafia/Mini_challenges/build/mini_challenges/build/lib/mini_challenges
[2.146s] running install
[2.146s] running install_lib
[2.147s] copying /home/lpm/Italian-Mafia/Mini_challenges/build/mini_challenges/build/lib/mini_challenges/color_id.py -> /home/lpm/Italian-Mafia/Mini_challenges/install/mini_challenges/lib/python3.10/site-packages/mini_challenges
[2.150s] byte-compiling /home/lpm/Italian-Mafia/Mini_challenges/install/mini_challenges/lib/python3.10/site-packages/mini_challenges/color_id.py to color_id.cpython-310.pyc
[2.153s] running install_data
[2.154s] running install_egg_info
[2.158s] removing '/home/lpm/Italian-Mafia/Mini_challenges/install/mini_challenges/lib/python3.10/site-packages/mini_challenges-0.0.0-py3.10.egg-info' (and everything under it)
[2.159s] Copying ../../build/mini_challenges/mini_challenges.egg-info to /home/lpm/Italian-Mafia/Mini_challenges/install/mini_challenges/lib/python3.10/site-packages/mini_challenges-0.0.0-py3.10.egg-info
[2.164s] running install_scripts
[2.220s] Installing challenge4 script to /home/lpm/Italian-Mafia/Mini_challenges/install/mini_challenges/lib/mini_challenges
[2.220s] Installing color_id script to /home/lpm/Italian-Mafia/Mini_challenges/install/mini_challenges/lib/mini_challenges
[2.221s] writing list of installed files to '/home/lpm/Italian-Mafia/Mini_challenges/build/mini_challenges/install.log'
[2.286s] Invoked command in '/home/lpm/Italian-Mafia/Mini_challenges/src/mini_challenges' returned '0': PYTHONPATH=/home/lpm/Italian-Mafia/Mini_challenges/build/mini_challenges/prefix_override:/home/lpm/Italian-Mafia/Mini_challenges/install/mini_challenges/lib/python3.10/site-packages:${PYTHONPATH} /usr/bin/python3 -W ignore:setup.py install is deprecated setup.py egg_info --egg-base ../../build/mini_challenges build --build-base /home/lpm/Italian-Mafia/Mini_challenges/build/mini_challenges/build install --record /home/lpm/Italian-Mafia/Mini_challenges/build/mini_challenges/install.log --single-version-externally-managed install_data
