[0.458s] DEBUG:colcon:Command line arguments: ['/usr/bin/colcon', 'build']
[0.458s] DEBUG:colcon:Parsed command line arguments: Namespace(log_base=None, log_level=None, verb_name='build', build_base='build', install_base='install', merge_install=False, symlink_install=False, test_result_base=None, continue_on_error=False, executor='parallel', parallel_workers=4, event_handlers=None, ignore_user_meta=False, metas=['./colcon.meta'], base_paths=['.'], packages_ignore=None, packages_ignore_regex=None, paths=None, packages_up_to=None, packages_up_to_regex=None, packages_above=None, packages_above_and_dependencies=None, packages_above_depth=None, packages_select_by_dep=None, packages_skip_by_dep=None, packages_skip_up_to=None, packages_select_build_failed=False, packages_skip_build_finished=False, packages_select_test_failures=False, packages_skip_test_passed=False, packages_select=None, packages_skip=None, packages_select_regex=None, packages_skip_regex=None, packages_start=None, packages_end=None, allow_overriding=[], cmake_args=None, cmake_target=None, cmake_target_skip_unavailable=False, cmake_clean_cache=False, cmake_clean_first=False, cmake_force_configure=False, ament_cmake_args=None, catkin_cmake_args=None, catkin_skip_building_tests=False, mixin_files=None, mixin=None, verb_parser=<colcon_mixin.mixin.mixin_argument.MixinArgumentDecorator object at 0x7748f7e3cac0>, verb_extension=<colcon_core.verb.build.BuildVerb object at 0x7748f7e3c640>, main=<bound method BuildVerb.main of <colcon_core.verb.build.BuildVerb object at 0x7748f7e3c640>>, mixin_verb=('build',))
[1.010s] Level 1:colcon.colcon_core.package_discovery:discover_packages(colcon_meta) check parameters
[1.010s] Level 1:colcon.colcon_core.package_discovery:discover_packages(recursive) check parameters
[1.010s] Level 1:colcon.colcon_core.package_discovery:discover_packages(ignore) check parameters
[1.010s] Level 1:colcon.colcon_core.package_discovery:discover_packages(path) check parameters
[1.010s] Level 1:colcon.colcon_core.package_discovery:discover_packages(colcon_meta) discover
[1.010s] Level 1:colcon.colcon_core.package_discovery:discover_packages(recursive) discover
[1.011s] INFO:colcon.colcon_core.package_discovery:Crawling recursively for packages in '/home/lpm/Italian-Mafia/Mini_challenges'
[1.011s] Level 1:colcon.colcon_core.package_identification:_identify(.) by extensions ['ignore', 'ignore_ament_install']
[1.011s] Level 1:colcon.colcon_core.package_identification:_identify(.) by extension 'ignore'
[1.011s] Level 1:colcon.colcon_core.package_identification:_identify(.) by extension 'ignore_ament_install'
[1.011s] Level 1:colcon.colcon_core.package_identification:_identify(.) by extensions ['colcon_pkg']
[1.011s] Level 1:colcon.colcon_core.package_identification:_identify(.) by extension 'colcon_pkg'
[1.011s] Level 1:colcon.colcon_core.package_identification:_identify(.) by extensions ['colcon_meta']
[1.011s] Level 1:colcon.colcon_core.package_identification:_identify(.) by extension 'colcon_meta'
[1.011s] Level 1:colcon.colcon_core.package_identification:_identify(.) by extensions ['ros']
[1.011s] Level 1:colcon.colcon_core.package_identification:_identify(.) by extension 'ros'
[1.036s] Level 1:colcon.colcon_core.package_identification:_identify(.) by extensions ['cmake', 'python']
[1.036s] Level 1:colcon.colcon_core.package_identification:_identify(.) by extension 'cmake'
[1.036s] Level 1:colcon.colcon_core.package_identification:_identify(.) by extension 'python'
[1.036s] Level 1:colcon.colcon_core.package_identification:_identify(.) by extensions ['python_setup_py']
[1.036s] Level 1:colcon.colcon_core.package_identification:_identify(.) by extension 'python_setup_py'
[1.037s] Level 1:colcon.colcon_core.package_identification:_identify(build) by extensions ['ignore', 'ignore_ament_install']
[1.037s] Level 1:colcon.colcon_core.package_identification:_identify(build) by extension 'ignore'
[1.037s] Level 1:colcon.colcon_core.package_identification:_identify(build) ignored
[1.037s] Level 1:colcon.colcon_core.package_identification:_identify(install) by extensions ['ignore', 'ignore_ament_install']
[1.037s] Level 1:colcon.colcon_core.package_identification:_identify(install) by extension 'ignore'
[1.038s] Level 1:colcon.colcon_core.package_identification:_identify(install) ignored
[1.038s] Level 1:colcon.colcon_core.package_identification:_identify(log) by extensions ['ignore', 'ignore_ament_install']
[1.038s] Level 1:colcon.colcon_core.package_identification:_identify(log) by extension 'ignore'
[1.038s] Level 1:colcon.colcon_core.package_identification:_identify(log) ignored
[1.039s] Level 1:colcon.colcon_core.package_identification:_identify(src) by extensions ['ignore', 'ignore_ament_install']
[1.039s] Level 1:colcon.colcon_core.package_identification:_identify(src) by extension 'ignore'
[1.039s] Level 1:colcon.colcon_core.package_identification:_identify(src) by extension 'ignore_ament_install'
[1.039s] Level 1:colcon.colcon_core.package_identification:_identify(src) by extensions ['colcon_pkg']
[1.039s] Level 1:colcon.colcon_core.package_identification:_identify(src) by extension 'colcon_pkg'
[1.039s] Level 1:colcon.colcon_core.package_identification:_identify(src) by extensions ['colcon_meta']
[1.040s] Level 1:colcon.colcon_core.package_identification:_identify(src) by extension 'colcon_meta'
[1.040s] Level 1:colcon.colcon_core.package_identification:_identify(src) by extensions ['ros']
[1.040s] Level 1:colcon.colcon_core.package_identification:_identify(src) by extension 'ros'
[1.040s] Level 1:colcon.colcon_core.package_identification:_identify(src) by extensions ['cmake', 'python']
[1.040s] Level 1:colcon.colcon_core.package_identification:_identify(src) by extension 'cmake'
[1.040s] Level 1:colcon.colcon_core.package_identification:_identify(src) by extension 'python'
[1.040s] Level 1:colcon.colcon_core.package_identification:_identify(src) by extensions ['python_setup_py']
[1.040s] Level 1:colcon.colcon_core.package_identification:_identify(src) by extension 'python_setup_py'
[1.041s] Level 1:colcon.colcon_core.package_identification:_identify(src/mini_challenges) by extensions ['ignore', 'ignore_ament_install']
[1.041s] Level 1:colcon.colcon_core.package_identification:_identify(src/mini_challenges) by extension 'ignore'
[1.041s] Level 1:colcon.colcon_core.package_identification:_identify(src/mini_challenges) by extension 'ignore_ament_install'
[1.041s] Level 1:colcon.colcon_core.package_identification:_identify(src/mini_challenges) by extensions ['colcon_pkg']
[1.041s] Level 1:colcon.colcon_core.package_identification:_identify(src/mini_challenges) by extension 'colcon_pkg'
[1.041s] Level 1:colcon.colcon_core.package_identification:_identify(src/mini_challenges) by extensions ['colcon_meta']
[1.042s] Level 1:colcon.colcon_core.package_identification:_identify(src/mini_challenges) by extension 'colcon_meta'
[1.042s] Level 1:colcon.colcon_core.package_identification:_identify(src/mini_challenges) by extensions ['ros']
[1.042s] Level 1:colcon.colcon_core.package_identification:_identify(src/mini_challenges) by extension 'ros'
[1.062s] DEBUG:colcon.colcon_core.package_identification:Package 'src/mini_challenges' with type 'ros.ament_python' and name 'mini_challenges'
[1.062s] Level 1:colcon.colcon_core.package_discovery:discover_packages(recursive) using defaults
[1.062s] Level 1:colcon.colcon_core.package_discovery:discover_packages(ignore) discover
[1.062s] Level 1:colcon.colcon_core.package_discovery:discover_packages(ignore) using defaults
[1.062s] Level 1:colcon.colcon_core.package_discovery:discover_packages(path) discover
[1.062s] Level 1:colcon.colcon_core.package_discovery:discover_packages(path) using defaults
[1.113s] Level 1:colcon.colcon_core.package_discovery:discover_packages(prefix_path) check parameters
[1.113s] Level 1:colcon.colcon_core.package_discovery:discover_packages(prefix_path) discover
[1.132s] DEBUG:colcon.colcon_installed_package_information.package_discovery:Found 39 installed packages in /home/lpm/ros2_utilities_ws/install
[1.136s] DEBUG:colcon.colcon_installed_package_information.package_discovery:Found 291 installed packages in /opt/ros/humble
[1.140s] Level 1:colcon.colcon_core.package_discovery:discover_packages(prefix_path) using defaults
[1.357s] Level 5:colcon.colcon_core.verb:set package 'mini_challenges' build argument 'cmake_args' from command line to 'None'
[1.357s] Level 5:colcon.colcon_core.verb:set package 'mini_challenges' build argument 'cmake_target' from command line to 'None'
[1.357s] Level 5:colcon.colcon_core.verb:set package 'mini_challenges' build argument 'cmake_target_skip_unavailable' from command line to 'False'
[1.357s] Level 5:colcon.colcon_core.verb:set package 'mini_challenges' build argument 'cmake_clean_cache' from command line to 'False'
[1.357s] Level 5:colcon.colcon_core.verb:set package 'mini_challenges' build argument 'cmake_clean_first' from command line to 'False'
[1.357s] Level 5:colcon.colcon_core.verb:set package 'mini_challenges' build argument 'cmake_force_configure' from command line to 'False'
[1.357s] Level 5:colcon.colcon_core.verb:set package 'mini_challenges' build argument 'ament_cmake_args' from command line to 'None'
[1.357s] Level 5:colcon.colcon_core.verb:set package 'mini_challenges' build argument 'catkin_cmake_args' from command line to 'None'
[1.357s] Level 5:colcon.colcon_core.verb:set package 'mini_challenges' build argument 'catkin_skip_building_tests' from command line to 'False'
[1.357s] DEBUG:colcon.colcon_core.verb:Building package 'mini_challenges' with the following arguments: {'ament_cmake_args': None, 'build_base': '/home/lpm/Italian-Mafia/Mini_challenges/build/mini_challenges', 'catkin_cmake_args': None, 'catkin_skip_building_tests': False, 'cmake_args': None, 'cmake_clean_cache': False, 'cmake_clean_first': False, 'cmake_force_configure': False, 'cmake_target': None, 'cmake_target_skip_unavailable': False, 'install_base': '/home/lpm/Italian-Mafia/Mini_challenges/install/mini_challenges', 'merge_install': False, 'path': '/home/lpm/Italian-Mafia/Mini_challenges/src/mini_challenges', 'symlink_install': False, 'test_result_base': None}
[1.358s] INFO:colcon.colcon_core.executor:Executing jobs using 'parallel' executor
[1.359s] DEBUG:colcon.colcon_parallel_executor.executor.parallel:run_until_complete
[1.359s] INFO:colcon.colcon_ros.task.ament_python.build:Building ROS package in '/home/lpm/Italian-Mafia/Mini_challenges/src/mini_challenges' with build type 'ament_python'
[1.360s] Level 1:colcon.colcon_core.shell:create_environment_hook('mini_challenges', 'ament_prefix_path')
[1.371s] INFO:colcon.colcon_core.plugin_system:Skipping extension 'colcon_core.shell.bat': Not used on non-Windows systems
[1.372s] INFO:colcon.colcon_core.shell:Creating environment hook '/home/lpm/Italian-Mafia/Mini_challenges/install/mini_challenges/share/mini_challenges/hook/ament_prefix_path.ps1'
[1.374s] INFO:colcon.colcon_core.shell:Creating environment descriptor '/home/lpm/Italian-Mafia/Mini_challenges/install/mini_challenges/share/mini_challenges/hook/ament_prefix_path.dsv'
[1.375s] INFO:colcon.colcon_core.shell:Creating environment hook '/home/lpm/Italian-Mafia/Mini_challenges/install/mini_challenges/share/mini_challenges/hook/ament_prefix_path.sh'
[1.376s] INFO:colcon.colcon_core.shell:Skip shell extension 'powershell' for command environment: Not usable outside of PowerShell
[1.376s] DEBUG:colcon.colcon_core.shell:Skip shell extension 'dsv' for command environment
[2.069s] INFO:colcon.colcon_core.task.python.build:Building Python package in '/home/lpm/Italian-Mafia/Mini_challenges/src/mini_challenges'
[2.069s] INFO:colcon.colcon_core.shell:Skip shell extension 'powershell' for command environment: Not usable outside of PowerShell
[2.070s] DEBUG:colcon.colcon_core.shell:Skip shell extension 'dsv' for command environment
[2.909s] DEBUG:colcon.colcon_core.event_handler.log_command:Invoking command in '/home/lpm/Italian-Mafia/Mini_challenges/src/mini_challenges': PYTHONPATH=/home/lpm/Italian-Mafia/Mini_challenges/build/mini_challenges/prefix_override:/home/lpm/Italian-Mafia/Mini_challenges/install/mini_challenges/lib/python3.10/site-packages:${PYTHONPATH} /usr/bin/python3 -W ignore:setup.py install is deprecated setup.py egg_info --egg-base ../../build/mini_challenges build --build-base /home/lpm/Italian-Mafia/Mini_challenges/build/mini_challenges/build install --record /home/lpm/Italian-Mafia/Mini_challenges/build/mini_challenges/install.log --single-version-externally-managed install_data
[3.770s] DEBUG:colcon.colcon_core.event_handler.log_command:Invoked command in '/home/lpm/Italian-Mafia/Mini_challenges/src/mini_challenges' returned '0': PYTHONPATH=/home/lpm/Italian-Mafia/Mini_challenges/build/mini_challenges/prefix_override:/home/lpm/Italian-Mafia/Mini_challenges/install/mini_challenges/lib/python3.10/site-packages:${PYTHONPATH} /usr/bin/python3 -W ignore:setup.py install is deprecated setup.py egg_info --egg-base ../../build/mini_challenges build --build-base /home/lpm/Italian-Mafia/Mini_challenges/build/mini_challenges/build install --record /home/lpm/Italian-Mafia/Mini_challenges/build/mini_challenges/install.log --single-version-externally-managed install_data
[3.782s] Level 1:colcon.colcon_core.environment:checking '/home/lpm/Italian-Mafia/Mini_challenges/install/mini_challenges' for CMake module files
[3.783s] Level 1:colcon.colcon_core.environment:checking '/home/lpm/Italian-Mafia/Mini_challenges/install/mini_challenges' for CMake config files
[3.784s] Level 1:colcon.colcon_core.environment:checking '/home/lpm/Italian-Mafia/Mini_challenges/install/mini_challenges/lib'
[3.784s] Level 1:colcon.colcon_core.environment:checking '/home/lpm/Italian-Mafia/Mini_challenges/install/mini_challenges/bin'
[3.785s] Level 1:colcon.colcon_core.environment:checking '/home/lpm/Italian-Mafia/Mini_challenges/install/mini_challenges/lib/pkgconfig/mini_challenges.pc'
[3.785s] Level 1:colcon.colcon_core.environment:checking '/home/lpm/Italian-Mafia/Mini_challenges/install/mini_challenges/lib/python3.10/site-packages'
[3.785s] Level 1:colcon.colcon_core.shell:create_environment_hook('mini_challenges', 'pythonpath')
[3.786s] INFO:colcon.colcon_core.shell:Creating environment hook '/home/lpm/Italian-Mafia/Mini_challenges/install/mini_challenges/share/mini_challenges/hook/pythonpath.ps1'
[3.787s] INFO:colcon.colcon_core.shell:Creating environment descriptor '/home/lpm/Italian-Mafia/Mini_challenges/install/mini_challenges/share/mini_challenges/hook/pythonpath.dsv'
[3.788s] INFO:colcon.colcon_core.shell:Creating environment hook '/home/lpm/Italian-Mafia/Mini_challenges/install/mini_challenges/share/mini_challenges/hook/pythonpath.sh'
[3.789s] Level 1:colcon.colcon_core.environment:checking '/home/lpm/Italian-Mafia/Mini_challenges/install/mini_challenges/bin'
[3.789s] Level 1:colcon.colcon_core.environment:create_environment_scripts_only(mini_challenges)
[3.790s] INFO:colcon.colcon_core.shell:Creating package script '/home/lpm/Italian-Mafia/Mini_challenges/install/mini_challenges/share/mini_challenges/package.ps1'
[3.792s] INFO:colcon.colcon_core.shell:Creating package descriptor '/home/lpm/Italian-Mafia/Mini_challenges/install/mini_challenges/share/mini_challenges/package.dsv'
[3.793s] INFO:colcon.colcon_core.shell:Creating package script '/home/lpm/Italian-Mafia/Mini_challenges/install/mini_challenges/share/mini_challenges/package.sh'
[3.795s] INFO:colcon.colcon_core.shell:Creating package script '/home/lpm/Italian-Mafia/Mini_challenges/install/mini_challenges/share/mini_challenges/package.bash'
[3.796s] INFO:colcon.colcon_core.shell:Creating package script '/home/lpm/Italian-Mafia/Mini_challenges/install/mini_challenges/share/mini_challenges/package.zsh'
[3.797s] Level 1:colcon.colcon_core.environment:create_file_with_runtime_dependencies(/home/lpm/Italian-Mafia/Mini_challenges/install/mini_challenges/share/colcon-core/packages/mini_challenges)
[3.798s] DEBUG:colcon.colcon_parallel_executor.executor.parallel:closing loop
[3.798s] DEBUG:colcon.colcon_parallel_executor.executor.parallel:loop closed
[3.798s] DEBUG:colcon.colcon_parallel_executor.executor.parallel:run_until_complete finished with '0'
[3.799s] DEBUG:colcon.colcon_core.event_reactor:joining thread
[3.821s] INFO:colcon.colcon_core.plugin_system:Skipping extension 'colcon_notification.desktop_notification.terminal_notifier': Not used on non-Darwin systems
[3.821s] INFO:colcon.colcon_core.plugin_system:Skipping extension 'colcon_notification.desktop_notification.win32': Not used on non-Windows systems
[3.821s] INFO:colcon.colcon_notification.desktop_notification:Sending desktop notification using 'notify2'
[3.916s] DEBUG:colcon.colcon_core.event_reactor:joined thread
[3.917s] INFO:colcon.colcon_core.shell:Creating prefix script '/home/lpm/Italian-Mafia/Mini_challenges/install/local_setup.ps1'
[3.920s] INFO:colcon.colcon_core.shell:Creating prefix util module '/home/lpm/Italian-Mafia/Mini_challenges/install/_local_setup_util_ps1.py'
[3.924s] INFO:colcon.colcon_core.shell:Creating prefix chain script '/home/lpm/Italian-Mafia/Mini_challenges/install/setup.ps1'
[3.933s] INFO:colcon.colcon_core.shell:Creating prefix script '/home/lpm/Italian-Mafia/Mini_challenges/install/local_setup.sh'
[3.934s] INFO:colcon.colcon_core.shell:Creating prefix util module '/home/lpm/Italian-Mafia/Mini_challenges/install/_local_setup_util_sh.py'
[3.935s] INFO:colcon.colcon_core.shell:Creating prefix chain script '/home/lpm/Italian-Mafia/Mini_challenges/install/setup.sh'
[3.942s] INFO:colcon.colcon_core.shell:Creating prefix script '/home/lpm/Italian-Mafia/Mini_challenges/install/local_setup.bash'
[3.943s] INFO:colcon.colcon_core.shell:Creating prefix chain script '/home/lpm/Italian-Mafia/Mini_challenges/install/setup.bash'
[3.950s] INFO:colcon.colcon_core.shell:Creating prefix script '/home/lpm/Italian-Mafia/Mini_challenges/install/local_setup.zsh'
[3.952s] INFO:colcon.colcon_core.shell:Creating prefix chain script '/home/lpm/Italian-Mafia/Mini_challenges/install/setup.zsh'
